[debug] [2023-03-21T04:36:08.610Z] ----------------------------------------------------------------------
[debug] [2023-03-21T04:36:08.615Z] Command:       C:\Program Files\nodejs\node.exe C:\Users\JASMEEN BANO\AppData\Roaming\npm\node_modules\firebase-tools\lib\bin\firebase.js init
[debug] [2023-03-21T04:36:08.617Z] CLI Version:   11.24.1
[debug] [2023-03-21T04:36:08.617Z] Platform:      win32
[debug] [2023-03-21T04:36:08.617Z] Node Version:  v16.18.0
[debug] [2023-03-21T04:36:08.619Z] Time:          Tue Mar 21 2023 10:06:08 GMT+0530 (India Standard Time)
[debug] [2023-03-21T04:36:08.619Z] ----------------------------------------------------------------------
[debug] 
[debug] [2023-03-21T04:36:08.632Z] >>> [apiv2][query] GET https://firebase-public.firebaseio.com/cli.json [none]
[debug] [2023-03-21T04:36:08.716Z] > command requires scopes: ["email","openid","https://www.googleapis.com/auth/cloudplatformprojects.readonly","https://www.googleapis.com/auth/firebase","https://www.googleapis.com/auth/cloud-platform"]
[debug] [2023-03-21T04:36:08.718Z] > authorizing via signed-in user (jasmeenbano12@gmail.com)
[info] 
     ######## #### ########  ######## ########     ###     ######  ########
     ##        ##  ##     ## ##       ##     ##  ##   ##  ##       ##
     ######    ##  ########  ######   ########  #########  ######  ######
     ##        ##  ##    ##  ##       ##     ## ##     ##       ## ##
     ##       #### ##     ## ######## ########  ##     ##  ######  ########

You're about to initialize a Firebase project in this directory:

  C:\Users\JASMEEN BANO\OneDrive\Desktop\Experiment\airb

[warn] !  Unable to fetch the CLI MOTD and remote config. 
[debug] [2023-03-21T04:36:30.026Z] Failed to fetch MOTD FirebaseError: Failed to make request to https://firebase-public.firebaseio.com/cli.json
